{"uuid":"3e9f3b34-5967-45aa-847b-d009a0a38b77","historyId":"54d4e115c2191015f3bb0c7fae8ca850","fullName":"com.automationtestingrestassured.CRUD.TC02_Integration.test_updateBooking","labels":[{"name":"package","value":"com.automationtestingrestassured.CRUD.TC02_Integration"},{"name":"testClass","value":"com.automationtestingrestassured.CRUD.TC02_Integration"},{"name":"testMethod","value":"test_updateBooking"},{"name":"parentSuite","value":"Default Suite"},{"name":"suite","value":"APIAutomationFramework"},{"name":"subSuite","value":"com.automationtestingrestassured.CRUD.TC02_Integration"},{"name":"host","value":"DESKTOP-PRQP6E5"},{"name":"thread","value":"7376@DESKTOP-PRQP6E5.main(1)"},{"name":"framework","value":"testng"},{"name":"language","value":"java"}],"links":[],"name":"test_updateBooking","status":"skipped","statusDetails":{"known":false,"muted":false,"flaky":false,"message":"java.lang.ExceptionInInitializerError","trace":"java.lang.ExceptionInInitializerError\r\n\tat com.automationtestingrestassured.base.BaseTest.setConfig(BaseTest.java:33)\r\n\tat java.base/jdk.internal.reflect.DirectMethodHandleAccessor.invoke(DirectMethodHandleAccessor.java:103)\r\n\tat java.base/java.lang.reflect.Method.invoke(Method.java:580)\r\n\tat org.testng.internal.invokers.MethodInvocationHelper.invokeMethod(MethodInvocationHelper.java:141)\r\n\tat org.testng.internal.invokers.MethodInvocationHelper.invokeMethodConsideringTimeout(MethodInvocationHelper.java:71)\r\n\tat org.testng.internal.invokers.ConfigInvoker.invokeConfigurationMethod(ConfigInvoker.java:400)\r\n\tat org.testng.internal.invokers.ConfigInvoker.invokeConfigurations(ConfigInvoker.java:333)\r\n\tat org.testng.internal.invokers.TestMethodWorker.invokeBeforeClassMethods(TestMethodWorker.java:188)\r\n\tat org.testng.internal.invokers.TestMethodWorker.run(TestMethodWorker.java:128)\r\n\tat java.base/java.util.ArrayList.forEach(ArrayList.java:1597)\r\n\tat org.testng.TestRunner.privateRun(TestRunner.java:739)\r\n\tat org.testng.TestRunner.run(TestRunner.java:614)\r\n\tat org.testng.SuiteRunner.runTest(SuiteRunner.java:421)\r\n\tat org.testng.SuiteRunner.runSequentially(SuiteRunner.java:413)\r\n\tat org.testng.SuiteRunner.privateRun(SuiteRunner.java:373)\r\n\tat org.testng.SuiteRunner.run(SuiteRunner.java:312)\r\n\tat org.testng.SuiteRunnerWorker.runSuite(SuiteRunnerWorker.java:52)\r\n\tat org.testng.SuiteRunnerWorker.run(SuiteRunnerWorker.java:95)\r\n\tat org.testng.TestNG.runSuitesSequentially(TestNG.java:1274)\r\n\tat org.testng.TestNG.runSuitesLocally(TestNG.java:1208)\r\n\tat org.testng.TestNG.runSuites(TestNG.java:1112)\r\n\tat org.testng.TestNG.run(TestNG.java:1079)\r\n\tat com.intellij.rt.testng.IDEARemoteTestNG.run(IDEARemoteTestNG.java:65)\r\n\tat com.intellij.rt.testng.RemoteTestNGStarter.main(RemoteTestNGStarter.java:105)\r\nCaused by: java.lang.RuntimeException: java.io.FileNotFoundException: \\src\\main\\java\\com\\automationtestingrestassured\\resource\\TestData.properties (The system cannot find the path specified)\r\n\tat com.automationtestingrestassured.endPoints.APIConstants.<clinit>(APIConstants.java:19)\r\n\t... 24 more\r\nCaused by: java.io.FileNotFoundException: \\src\\main\\java\\com\\automationtestingrestassured\\resource\\TestData.properties (The system cannot find the path specified)\r\n\tat java.base/java.io.FileInputStream.open0(Native Method)\r\n\tat java.base/java.io.FileInputStream.open(FileInputStream.java:213)\r\n\tat java.base/java.io.FileInputStream.<init>(FileInputStream.java:152)\r\n\tat java.base/java.io.FileInputStream.<init>(FileInputStream.java:106)\r\n\tat com.automationtestingrestassured.utils.TestDataPropertyReader.readAKeyFromPropertyFile(TestDataPropertyReader.java:12)\r\n\tat com.automationtestingrestassured.endPoints.APIConstants.<clinit>(APIConstants.java:15)\r\n\t... 24 more\r\n"},"stage":"finished","steps":[],"attachments":[],"parameters":[],"start":1719903647397,"stop":1719903647400}