{"uuid":"cca312ba-3fe2-43b9-9b29-4d72be5b54b3","name":"com.automationtestingrestassured.CRUD.TC02_Integration","children":["c4240062-a73a-40be-ad5f-d8b622e77b7a","e07369a8-07ff-45f4-8c20-b08c36a3a40e","554afcac-7452-4239-9f58-48006ea64d1c","80d2d83b-a311-42b7-8e86-db82c5bda11c","74b4595b-7cc9-45d1-bbac-8bf61ac4f7de"],"befores":[{"name":"setConfig","status":"broken","statusDetails":{"known":false,"muted":false,"flaky":false,"message":"java.lang.ExceptionInInitializerError","trace":"java.lang.ExceptionInInitializerError\r\n\tat com.automationtestingrestassured.base.BaseTest.setConfig(BaseTest.java:33)\r\n\tat java.base/jdk.internal.reflect.DirectMethodHandleAccessor.invoke(DirectMethodHandleAccessor.java:103)\r\n\tat java.base/java.lang.reflect.Method.invoke(Method.java:580)\r\n\tat org.testng.internal.invokers.MethodInvocationHelper.invokeMethod(MethodInvocationHelper.java:141)\r\n\tat org.testng.internal.invokers.MethodInvocationHelper.invokeMethodConsideringTimeout(MethodInvocationHelper.java:71)\r\n\tat org.testng.internal.invokers.ConfigInvoker.invokeConfigurationMethod(ConfigInvoker.java:400)\r\n\tat org.testng.internal.invokers.ConfigInvoker.invokeConfigurations(ConfigInvoker.java:333)\r\n\tat org.testng.internal.invokers.TestMethodWorker.invokeBeforeClassMethods(TestMethodWorker.java:188)\r\n\tat org.testng.internal.invokers.TestMethodWorker.run(TestMethodWorker.java:128)\r\n\tat java.base/java.util.ArrayList.forEach(ArrayList.java:1597)\r\n\tat org.testng.TestRunner.privateRun(TestRunner.java:739)\r\n\tat org.testng.TestRunner.run(TestRunner.java:614)\r\n\tat org.testng.SuiteRunner.runTest(SuiteRunner.java:421)\r\n\tat org.testng.SuiteRunner.runSequentially(SuiteRunner.java:413)\r\n\tat org.testng.SuiteRunner.privateRun(SuiteRunner.java:373)\r\n\tat org.testng.SuiteRunner.run(SuiteRunner.java:312)\r\n\tat org.testng.SuiteRunnerWorker.runSuite(SuiteRunnerWorker.java:52)\r\n\tat org.testng.SuiteRunnerWorker.run(SuiteRunnerWorker.java:95)\r\n\tat org.testng.TestNG.runSuitesSequentially(TestNG.java:1274)\r\n\tat org.testng.TestNG.runSuitesLocally(TestNG.java:1208)\r\n\tat org.testng.TestNG.runSuites(TestNG.java:1112)\r\n\tat org.testng.TestNG.run(TestNG.java:1079)\r\n\tat com.intellij.rt.testng.IDEARemoteTestNG.run(IDEARemoteTestNG.java:65)\r\n\tat com.intellij.rt.testng.RemoteTestNGStarter.main(RemoteTestNGStarter.java:105)\r\nCaused by: java.lang.RuntimeException: java.io.FileNotFoundException: \\src\\main\\java\\com\\automationtestingrestassured\\resource\\TestData.properties (The system cannot find the path specified)\r\n\tat com.automationtestingrestassured.endPoints.APIConstants.<clinit>(APIConstants.java:19)\r\n\t... 24 more\r\nCaused by: java.io.FileNotFoundException: \\src\\main\\java\\com\\automationtestingrestassured\\resource\\TestData.properties (The system cannot find the path specified)\r\n\tat java.base/java.io.FileInputStream.open0(Native Method)\r\n\tat java.base/java.io.FileInputStream.open(FileInputStream.java:213)\r\n\tat java.base/java.io.FileInputStream.<init>(FileInputStream.java:152)\r\n\tat java.base/java.io.FileInputStream.<init>(FileInputStream.java:106)\r\n\tat com.automationtestingrestassured.utils.TestDataPropertyReader.readAKeyFromPropertyFile(TestDataPropertyReader.java:12)\r\n\tat com.automationtestingrestassured.endPoints.APIConstants.<clinit>(APIConstants.java:15)\r\n\t... 24 more\r\n"},"stage":"finished","description":"","steps":[],"attachments":[],"parameters":[],"start":1719903473627,"stop":1719903473647}],"afters":[],"start":1719903473561,"stop":1719903474058}