{"uuid":"d419ec33-d0d8-472e-90ce-77c842fb34b9","name":"com.automationtestingrestassured.CRUD.TC02_Integration","children":["53074cdf-eb4b-4192-9fb7-e9ac8bf04e00","3dddd3e3-d52e-45ed-bbe5-1e125f2805b1","e1a38e91-cbc6-4cc5-b93e-8e63abc1424a","10ca7095-8038-498c-83df-3c47f486cbb6","7cba7c0f-e5c8-48b6-b28a-ce7d0556469e"],"befores":[{"name":"setConfig","status":"broken","statusDetails":{"known":false,"muted":false,"flaky":false,"message":"java.lang.ExceptionInInitializerError","trace":"java.lang.ExceptionInInitializerError\r\n\tat com.automationtestingrestassured.base.BaseTest.setConfig(BaseTest.java:33)\r\n\tat java.base/jdk.internal.reflect.DirectMethodHandleAccessor.invoke(DirectMethodHandleAccessor.java:103)\r\n\tat java.base/java.lang.reflect.Method.invoke(Method.java:580)\r\n\tat org.testng.internal.invokers.MethodInvocationHelper.invokeMethod(MethodInvocationHelper.java:141)\r\n\tat org.testng.internal.invokers.MethodInvocationHelper.invokeMethodConsideringTimeout(MethodInvocationHelper.java:71)\r\n\tat org.testng.internal.invokers.ConfigInvoker.invokeConfigurationMethod(ConfigInvoker.java:400)\r\n\tat org.testng.internal.invokers.ConfigInvoker.invokeConfigurations(ConfigInvoker.java:333)\r\n\tat org.testng.internal.invokers.TestMethodWorker.invokeBeforeClassMethods(TestMethodWorker.java:188)\r\n\tat org.testng.internal.invokers.TestMethodWorker.run(TestMethodWorker.java:128)\r\n\tat java.base/java.util.ArrayList.forEach(ArrayList.java:1597)\r\n\tat org.testng.TestRunner.privateRun(TestRunner.java:739)\r\n\tat org.testng.TestRunner.run(TestRunner.java:614)\r\n\tat org.testng.SuiteRunner.runTest(SuiteRunner.java:421)\r\n\tat org.testng.SuiteRunner.runSequentially(SuiteRunner.java:413)\r\n\tat org.testng.SuiteRunner.privateRun(SuiteRunner.java:373)\r\n\tat org.testng.SuiteRunner.run(SuiteRunner.java:312)\r\n\tat org.testng.SuiteRunnerWorker.runSuite(SuiteRunnerWorker.java:52)\r\n\tat org.testng.SuiteRunnerWorker.run(SuiteRunnerWorker.java:95)\r\n\tat org.testng.TestNG.runSuitesSequentially(TestNG.java:1274)\r\n\tat org.testng.TestNG.runSuitesLocally(TestNG.java:1208)\r\n\tat org.testng.TestNG.runSuites(TestNG.java:1112)\r\n\tat org.testng.TestNG.run(TestNG.java:1079)\r\n\tat com.intellij.rt.testng.IDEARemoteTestNG.run(IDEARemoteTestNG.java:65)\r\n\tat com.intellij.rt.testng.RemoteTestNGStarter.main(RemoteTestNGStarter.java:105)\r\nCaused by: java.lang.RuntimeException: java.io.FileNotFoundException: \\src\\main\\java\\com\\automationtestingrestassured\\resource\\TestData.properties (The system cannot find the path specified)\r\n\tat com.automationtestingrestassured.endPoints.APIConstants.<clinit>(APIConstants.java:19)\r\n\t... 24 more\r\nCaused by: java.io.FileNotFoundException: \\src\\main\\java\\com\\automationtestingrestassured\\resource\\TestData.properties (The system cannot find the path specified)\r\n\tat java.base/java.io.FileInputStream.open0(Native Method)\r\n\tat java.base/java.io.FileInputStream.open(FileInputStream.java:213)\r\n\tat java.base/java.io.FileInputStream.<init>(FileInputStream.java:152)\r\n\tat java.base/java.io.FileInputStream.<init>(FileInputStream.java:106)\r\n\tat com.automationtestingrestassured.utils.TestDataPropertyReader.readAKeyFromPropertyFile(TestDataPropertyReader.java:12)\r\n\tat com.automationtestingrestassured.endPoints.APIConstants.<clinit>(APIConstants.java:15)\r\n\t... 24 more\r\n"},"stage":"finished","description":"","steps":[],"attachments":[],"parameters":[],"start":1719903558499,"stop":1719903558518}],"afters":[],"start":1719903558433,"stop":1719903558945}